0 info it worked if it ends with ok
1 verbose cli [ '/usr/bin/nodejs', '/usr/bin/npm', 'install', '.g', 'node' ]
2 info using npm@3.5.2
3 info using node@v4.2.6
4 verbose config Skipping project config: /home/agusdev/.npmrc. (matches userconfig)
5 silly loadCurrentTree Starting
6 silly install loadCurrentTree
7 silly install readLocalPackageData
8 silly fetchPackageMetaData .g
9 silly fetchPackageMetaData node
10 silly fetchOtherPackageData .g
11 silly cache add args [ '.g', null ]
12 verbose cache add spec .g
13 silly fetchNamedPackageData node
14 silly mapToRegistry name node
15 silly mapToRegistry using default registry
16 silly mapToRegistry registry https://registry.npmjs.org/
17 silly mapToRegistry uri https://registry.npmjs.org/node
18 silly cache add parsed spec Result {
18 silly cache add   raw: '.g',
18 silly cache add   scope: null,
18 silly cache add   name: null,
18 silly cache add   rawSpec: '.g',
18 silly cache add   spec: '/home/agusdev/proyecto-agustin/.g',
18 silly cache add   type: 'local' }
19 verbose request uri https://registry.npmjs.org/node
20 verbose request no auth needed
21 info attempt registry request try #1 at 2:45:45 PM
22 verbose request id 2d8b0980008c7cac
23 http request GET https://registry.npmjs.org/node
24 error addLocal Could not install /home/agusdev/proyecto-agustin/.g
25 silly fetchPackageMetaData Error: ENOENT: no such file or directory, open '/home/agusdev/proyecto-agustin/.g'
25 silly fetchPackageMetaData     at Error (native)
25 silly fetchPackageMetaData  error for .g { [Error: ENOENT: no such file or directory, open '/home/agusdev/proyecto-agustin/.g']
25 silly fetchPackageMetaData   errno: -2,
25 silly fetchPackageMetaData   code: 'ENOENT',
25 silly fetchPackageMetaData   syscall: 'open',
25 silly fetchPackageMetaData   path: '/home/agusdev/proyecto-agustin/.g' }
26 http 200 https://registry.npmjs.org/node
27 verbose headers { date: 'Thu, 28 Jun 2018 19:45:47 GMT',
27 verbose headers   'content-type': 'application/json; charset=UTF-8',
27 verbose headers   'transfer-encoding': 'chunked',
27 verbose headers   connection: 'keep-alive',
27 verbose headers   'set-cookie': [ '__cfduid=de9cf6e7390b5de6fc04257e3d2b5b0821530215147; expires=Fri, 28-Jun-19 19:45:47 GMT; path=/; domain=.registry.npmjs.org; HttpOnly' ],
27 verbose headers   'cache-control': 'max-age=300',
27 verbose headers   'cf-cache-status': 'HIT',
27 verbose headers   'cf-ray': '4322a7e0f8242036-DFW',
27 verbose headers   etag: 'W/"9cd3eb2c5af1d50b92033ad776336e54"',
27 verbose headers   'expect-ct': 'max-age=604800, report-uri="https://report-uri.cloudflare.com/cdn-cgi/beacon/expect-ct"',
27 verbose headers   'last-modified': 'Thu, 21 Jun 2018 03:30:30 GMT',
27 verbose headers   vary: 'accept-encoding, accept',
27 verbose headers   server: 'cloudflare',
27 verbose headers   'content-encoding': 'gzip' }
28 silly get cb [ 200,
28 silly get   { date: 'Thu, 28 Jun 2018 19:45:47 GMT',
28 silly get     'content-type': 'application/json; charset=UTF-8',
28 silly get     'transfer-encoding': 'chunked',
28 silly get     connection: 'keep-alive',
28 silly get     'set-cookie': [ '__cfduid=de9cf6e7390b5de6fc04257e3d2b5b0821530215147; expires=Fri, 28-Jun-19 19:45:47 GMT; path=/; domain=.registry.npmjs.org; HttpOnly' ],
28 silly get     'cache-control': 'max-age=300',
28 silly get     'cf-cache-status': 'HIT',
28 silly get     'cf-ray': '4322a7e0f8242036-DFW',
28 silly get     etag: 'W/"9cd3eb2c5af1d50b92033ad776336e54"',
28 silly get     'expect-ct': 'max-age=604800, report-uri="https://report-uri.cloudflare.com/cdn-cgi/beacon/expect-ct"',
28 silly get     'last-modified': 'Thu, 21 Jun 2018 03:30:30 GMT',
28 silly get     vary: 'accept-encoding, accept',
28 silly get     server: 'cloudflare',
28 silly get     'content-encoding': 'gzip' } ]
29 verbose get saving node to /home/agusdev/.npm/registry.npmjs.org/node/.cache.json
30 silly rollbackFailedOptional Starting
31 silly rollbackFailedOptional Finishing
32 silly runTopLevelLifecycles Starting
33 silly runTopLevelLifecycles Finishing
34 silly install printInstalled
35 verbose stack Error: ENOENT: no such file or directory, open '/home/agusdev/proyecto-agustin/.g'
35 verbose stack     at Error (native)
36 verbose cwd /home/agusdev/proyecto-agustin
37 error Linux 4.13.0-45-generic
38 error argv "/usr/bin/nodejs" "/usr/bin/npm" "install" ".g" "node"
39 error node v4.2.6
40 error npm  v3.5.2
41 error path /home/agusdev/proyecto-agustin/.g
42 error code ENOENT
43 error errno -2
44 error syscall open
45 error enoent ENOENT: no such file or directory, open '/home/agusdev/proyecto-agustin/.g'
46 error enoent ENOENT: no such file or directory, open '/home/agusdev/proyecto-agustin/.g'
46 error enoent This is most likely not a problem with npm itself
46 error enoent and is related to npm not being able to find a file.
47 verbose exit [ -2, true ]
